Arguments: 
  /Users/abiodun/.nvm/versions/node/v10.16.0/bin/node /usr/local/Cellar/yarn/1.15.2/libexec/bin/yarn.js run tsc --init

PATH: 
  /Users/abiodun/.nvm/versions/node/v10.16.0/bin:/usr/local/bin:/usr/bin:/bin:/usr/sbin:/sbin:/usr/local/share/dotnet:~/.dotnet/tools:/Library/Frameworks/Mono.framework/Versions/Current/Commands:/Applications/Postgres.app/Contents/Versions/latest/bin:/Applications/Xamarin Workbooks.app/Contents/SharedSupport/path-bin:/Users/abiodun/.nvm/versions/node/v10.16.0/bin:/Users/abiodun/bin:/Users/abiodun/bin

Yarn version: 
  1.15.2

Node version: 
  10.16.0

Platform: 
  darwin x64

Trace: 
  SyntaxError: /Users/abiodun/Documents/code/portfolio/package.json: Unexpected token } in JSON at position 238
      at JSON.parse (<anonymous>)
      at /usr/local/Cellar/yarn/1.15.2/libexec/lib/cli.js:1625:59
      at Generator.next (<anonymous>)
      at step (/usr/local/Cellar/yarn/1.15.2/libexec/lib/cli.js:304:30)
      at /usr/local/Cellar/yarn/1.15.2/libexec/lib/cli.js:315:13

npm manifest: 
  {
    "name": "portfolio",
    "version": "1.0.0",
    "main": "index.js",
    "repository": "git@github.com:sulenchy/portfolio.git",
    "author": "sulenchy <sulaimanabiodun172@gmail.com>",
    "license": "MIT",
    "scripts": {
      "build": "tsc",
    },
    "devDependencies": {
      "typescript": "3.9.7"
    }
  }

yarn manifest: 
  No manifest

Lockfile: 
  # THIS IS AN AUTOGENERATED FILE. DO NOT EDIT THIS FILE DIRECTLY.
  # yarn lockfile v1
  
  
  typescript@3.9.7:
    version "3.9.7"
    resolved "https://registry.yarnpkg.com/typescript/-/typescript-3.9.7.tgz#98d600a5ebdc38f40cb277522f12dc800e9e25fa"
    integrity sha512-BLbiRkiBzAwsjut4x/dsibSTB6yWpwT5qWmC2OfuCg3GgVQCSgMs4vEctYPhsaGtd0AeuuHMkjZ2h2WG8MSzRw==
